<?xml version="1.0" encoding="UTF-8"?>
<testsuite name="bootcamp.StateTests" tests="4" skipped="0" failures="0" errors="0" timestamp="2018-03-09T23:51:44" hostname="koikeshunpeinoMacBook-Pro.local" time="0.161">
  <properties/>
  <testcase name="tokenStateHasIssuerRecipientAndAmountFieldsOfTheCorrectType" classname="bootcamp.StateTests" time="0.005"/>
  <testcase name="tokenStateHasGettersForIssuerRecipientAndAmount" classname="bootcamp.StateTests" time="0.099"/>
  <testcase name="tokenStateImplementsContractState" classname="bootcamp.StateTests" time="0.0"/>
  <testcase name="tokenStateHasTwoParticipantsTheIssuerAndTheRecipient" classname="bootcamp.StateTests" time="0.046"/>
  <system-out><![CDATA[]]></system-out>
  <system-err><![CDATA[]]></system-err>
</testsuite>
